{"numFailedTestSuites":3,"numFailedTests":7,"numPassedTestSuites":2,"numPassedTests":29,"numPendingTestSuites":0,"numPendingTests":0,"numRuntimeErrorTestSuites":0,"numTodoTests":0,"numTotalTestSuites":5,"numTotalTests":36,"openHandles":[],"snapshot":{"added":0,"didUpdate":false,"failure":false,"filesAdded":0,"filesRemoved":0,"filesRemovedList":[],"filesUnmatched":0,"filesUpdated":0,"matched":0,"total":0,"unchecked":0,"uncheckedKeysByFile":[],"unmatched":0,"updated":0},"startTime":1781615103663,"success":false,"testResults":[{"assertionResults":[{"ancestorTitles":["validators","clientCreate schema"],"duration":5,"failing":false,"failureDetails":[],"failureMessages":[],"fullName":"validators clientCreate schema valid client passes","invocations":1,"location":null,"numPassingAsserts":1,"retryReasons":[],"startAt":1781615104129,"status":"passed","title":"valid client passes"},{"ancestorTitles":["validators","clientCreate schema"],"duration":2,"failing":false,"failureDetails":[],"failureMessages":[],"fullName":"validators clientCreate schema missing name fails","invocations":1,"location":null,"numPassingAsserts":1,"retryReasons":[],"startAt":1781615104145,"status":"passed","title":"missing name fails"},{"ancestorTitles":["validators","clientCreate schema"],"duration":2,"failing":false,"failureDetails":[],"failureMessages":[],"fullName":"validators clientCreate schema invalid email fails","invocations":1,"location":null,"numPassingAsserts":1,"retryReasons":[],"startAt":1781615104148,"status":"passed","title":"invalid email fails"},{"ancestorTitles":["validators","clientCreate schema"],"duration":1,"failing":false,"failureDetails":[],"failureMessages":[],"fullName":"validators clientCreate schema invalid UUID parent_id fails","invocations":1,"location":null,"numPassingAsserts":1,"retryReasons":[],"startAt":1781615104150,"status":"passed","title":"invalid UUID parent_id fails"},{"ancestorTitles":["validators","orderCreate schema"],"duration":2,"failing":false,"failureDetails":[],"failureMessages":[],"fullName":"validators orderCreate schema valid order passes","invocations":1,"location":null,"numPassingAsserts":1,"retryReasons":[],"startAt":1781615104156,"status":"passed","title":"valid order passes"},{"ancestorTitles":["validators","orderCreate schema"],"duration":0,"failing":false,"failureDetails":[],"failureMessages":[],"fullName":"validators orderCreate schema empty items fails","invocations":1,"location":null,"numPassingAsserts":1,"retryReasons":[],"startAt":1781615104159,"status":"passed","title":"empty items fails"},{"ancestorTitles":["validators","orderCreate schema"],"duration":1,"failing":false,"failureDetails":[],"failureMessages":[],"fullName":"validators orderCreate schema negative quantity fails","invocations":1,"location":null,"numPassingAsserts":1,"retryReasons":[],"startAt":1781615104160,"status":"passed","title":"negative quantity fails"},{"ancestorTitles":["validators","invoiceCreate schema"],"duration":1,"failing":false,"failureDetails":[],"failureMessages":[],"fullName":"validators invoiceCreate schema valid invoice passes","invocations":1,"location":null,"numPassingAsserts":1,"retryReasons":[],"startAt":1781615104162,"status":"passed","title":"valid invoice passes"},{"ancestorTitles":["validators","invoiceCreate schema"],"duration":2,"failing":false,"failureDetails":[],"failureMessages":[],"fullName":"validators invoiceCreate schema tax_rate above 1 fails","invocations":1,"location":null,"numPassingAsserts":1,"retryReasons":[],"startAt":1781615104164,"status":"passed","title":"tax_rate above 1 fails"},{"ancestorTitles":["validators","validateBody middleware"],"duration":3,"failing":false,"failureDetails":[],"failureMessages":[],"fullName":"validators validateBody middleware calls next() on valid body","invocations":1,"location":null,"numPassingAsserts":3,"retryReasons":[],"startAt":1781615104167,"status":"passed","title":"calls next() on valid body"},{"ancestorTitles":["validators","validateBody middleware"],"duration":1,"failing":false,"failureDetails":[{}],"failureMessages":["TypeError: Cannot read properties of undefined (reading '0')\n    at C:\\Users\\gpack\\Desktop\\gpack production\\Gpack-production-system-main (5)\\AI Gpack p-s\\backend\\utils\\validators.js:77:51\n    at Object.<anonymous> (C:\\Users\\gpack\\Desktop\\gpack production\\Gpack-production-system-main (5)\\AI Gpack p-s\\backend\\tests\\utils\\validators.test.js:93:39)\n    at Promise.finally.completed (C:\\Users\\gpack\\Desktop\\gpack production\\Gpack-production-system-main (5)\\AI Gpack p-s\\node_modules\\jest-circus\\build\\jestAdapterInit.js:1561:28)\n    at new Promise (<anonymous>)\n    at callAsyncCircusFn (C:\\Users\\gpack\\Desktop\\gpack production\\Gpack-production-system-main (5)\\AI Gpack p-s\\node_modules\\jest-circus\\build\\jestAdapterInit.js:1501:10)\n    at _callCircusTest (C:\\Users\\gpack\\Desktop\\gpack production\\Gpack-production-system-main (5)\\AI Gpack p-s\\node_modules\\jest-circus\\build\\jestAdapterInit.js:1011:40)\n    at _runTest (C:\\Users\\gpack\\Desktop\\gpack production\\Gpack-production-system-main (5)\\AI Gpack p-s\\node_modules\\jest-circus\\build\\jestAdapterInit.js:951:3)\n    at C:\\Users\\gpack\\Desktop\\gpack production\\Gpack-production-system-main (5)\\AI Gpack p-s\\node_modules\\jest-circus\\build\\jestAdapterInit.js:853:7\n    at _runTestsForDescribeBlock (C:\\Users\\gpack\\Desktop\\gpack production\\Gpack-production-system-main (5)\\AI Gpack p-s\\node_modules\\jest-circus\\build\\jestAdapterInit.js:866:11)\n    at _runTestsForDescribeBlock (C:\\Users\\gpack\\Desktop\\gpack production\\Gpack-production-system-main (5)\\AI Gpack p-s\\node_modules\\jest-circus\\build\\jestAdapterInit.js:861:11)\n    at _runTestsForDescribeBlock (C:\\Users\\gpack\\Desktop\\gpack production\\Gpack-production-system-main (5)\\AI Gpack p-s\\node_modules\\jest-circus\\build\\jestAdapterInit.js:861:11)\n    at run (C:\\Users\\gpack\\Desktop\\gpack production\\Gpack-production-system-main (5)\\AI Gpack p-s\\node_modules\\jest-circus\\build\\jestAdapterInit.js:765:3)\n    at runAndTransformResultsToJestFormat (C:\\Users\\gpack\\Desktop\\gpack production\\Gpack-production-system-main (5)\\AI Gpack p-s\\node_modules\\jest-circus\\build\\jestAdapterInit.js:1993:21)\n    at jestAdapter (C:\\Users\\gpack\\Desktop\\gpack production\\Gpack-production-system-main (5)\\AI Gpack p-s\\node_modules\\jest-circus\\build\\runner.js:111:19)\n    at runTestInternal (C:\\Users\\gpack\\Desktop\\gpack production\\Gpack-production-system-main (5)\\AI Gpack p-s\\node_modules\\jest-runner\\build\\index.js:276:16)\n    at runTest (C:\\Users\\gpack\\Desktop\\gpack production\\Gpack-production-system-main (5)\\AI Gpack p-s\\node_modules\\jest-runner\\build\\index.js:344:7)"],"fullName":"validators validateBody middleware returns 400 on invalid body","invocations":1,"location":null,"numPassingAsserts":0,"retryReasons":[],"startAt":1781615104171,"status":"failed","title":"returns 400 on invalid body"}],"endTime":1781615104221,"message":"\u001b[1m\u001b[31m  \u001b[1m● \u001b[22m\u001b[1mvalidators › validateBody middleware › returns 400 on invalid body\u001b[39m\u001b[22m\n\n    TypeError: Cannot read properties of undefined (reading '0')\n\u001b[2m\u001b[22m\n\u001b[2m      \u001b[2mat C:\\Users\\gpack\\Desktop\\gpack production\\Gpack-production-system-main (5)\u001b[22m\u001b[2m../../../../../../AI Gpack p-s/backend/utils/validators.js\u001b[2m:77:51\u001b[22m\u001b[2m\u001b[22m\n\u001b[2m      \u001b[2mat Object.<anonymous> (C:\\Users\\gpack\\Desktop\\gpack production\\Gpack-production-system-main (5)\u001b[22m\u001b[2m../../../../../../AI Gpack p-s/backend/tests/utils/validators.test.js\u001b[2m:93:39)\u001b[22m\u001b[2m\u001b[22m\n","name":"C:\\Users\\gpack\\Desktop\\gpack production\\Gpack-production-system-main (5)\\AI Gpack p-s\\backend\\tests\\utils\\validators.test.js","startTime":1781615103750,"status":"failed","summary":""},{"assertionResults":[{"ancestorTitles":["authenticate middleware"],"duration":1,"failing":false,"failureDetails":[],"failureMessages":[],"fullName":"authenticate middleware should return 401 when no Authorization header","invocations":1,"location":null,"numPassingAsserts":3,"retryReasons":[],"startAt":1781615104414,"status":"passed","title":"should return 401 when no Authorization header"},{"ancestorTitles":["authenticate middleware"],"duration":1,"failing":false,"failureDetails":[],"failureMessages":[],"fullName":"authenticate middleware should return 401 when header does not start with Bearer","invocations":1,"location":null,"numPassingAsserts":2,"retryReasons":[],"startAt":1781615104416,"status":"passed","title":"should return 401 when header does not start with Bearer"},{"ancestorTitles":["authenticate middleware"],"duration":0,"failing":false,"failureDetails":[{}],"failureMessages":["Error: secretOrPrivateKey must have a value\n    at Object.module.exports [as sign] (C:\\Users\\gpack\\Desktop\\gpack production\\Gpack-production-system-main (5)\\AI Gpack p-s\\backend\\node_modules\\jsonwebtoken\\sign.js:111:20)\n    at Object.sign (C:\\Users\\gpack\\Desktop\\gpack production\\Gpack-production-system-main (5)\\AI Gpack p-s\\backend\\tests\\middleware\\auth.test.js:32:34)\n    at Promise.finally.completed (C:\\Users\\gpack\\Desktop\\gpack production\\Gpack-production-system-main (5)\\AI Gpack p-s\\node_modules\\jest-circus\\build\\jestAdapterInit.js:1561:28)\n    at new Promise (<anonymous>)\n    at callAsyncCircusFn (C:\\Users\\gpack\\Desktop\\gpack production\\Gpack-production-system-main (5)\\AI Gpack p-s\\node_modules\\jest-circus\\build\\jestAdapterInit.js:1501:10)\n    at _callCircusTest (C:\\Users\\gpack\\Desktop\\gpack production\\Gpack-production-system-main (5)\\AI Gpack p-s\\node_modules\\jest-circus\\build\\jestAdapterInit.js:1011:40)\n    at _runTest (C:\\Users\\gpack\\Desktop\\gpack production\\Gpack-production-system-main (5)\\AI Gpack p-s\\node_modules\\jest-circus\\build\\jestAdapterInit.js:951:3)\n    at C:\\Users\\gpack\\Desktop\\gpack production\\Gpack-production-system-main (5)\\AI Gpack p-s\\node_modules\\jest-circus\\build\\jestAdapterInit.js:853:7\n    at _runTestsForDescribeBlock (C:\\Users\\gpack\\Desktop\\gpack production\\Gpack-production-system-main (5)\\AI Gpack p-s\\node_modules\\jest-circus\\build\\jestAdapterInit.js:866:11)\n    at _runTestsForDescribeBlock (C:\\Users\\gpack\\Desktop\\gpack production\\Gpack-production-system-main (5)\\AI Gpack p-s\\node_modules\\jest-circus\\build\\jestAdapterInit.js:861:11)\n    at run (C:\\Users\\gpack\\Desktop\\gpack production\\Gpack-production-system-main (5)\\AI Gpack p-s\\node_modules\\jest-circus\\build\\jestAdapterInit.js:765:3)\n    at runAndTransformResultsToJestFormat (C:\\Users\\gpack\\Desktop\\gpack production\\Gpack-production-system-main (5)\\AI Gpack p-s\\node_modules\\jest-circus\\build\\jestAdapterInit.js:1993:21)\n    at jestAdapter (C:\\Users\\gpack\\Desktop\\gpack production\\Gpack-production-system-main (5)\\AI Gpack p-s\\node_modules\\jest-circus\\build\\runner.js:111:19)\n    at runTestInternal (C:\\Users\\gpack\\Desktop\\gpack production\\Gpack-production-system-main (5)\\AI Gpack p-s\\node_modules\\jest-runner\\build\\index.js:276:16)\n    at runTest (C:\\Users\\gpack\\Desktop\\gpack production\\Gpack-production-system-main (5)\\AI Gpack p-s\\node_modules\\jest-runner\\build\\index.js:344:7)"],"fullName":"authenticate middleware should return 401 for expired token","invocations":1,"location":null,"numPassingAsserts":0,"retryReasons":[],"startAt":1781615104418,"status":"failed","title":"should return 401 for expired token"},{"ancestorTitles":["authenticate middleware"],"duration":1,"failing":false,"failureDetails":[],"failureMessages":[],"fullName":"authenticate middleware should return 401 for invalid token signature","invocations":1,"location":null,"numPassingAsserts":3,"retryReasons":[],"startAt":1781615104423,"status":"passed","title":"should return 401 for invalid token signature"},{"ancestorTitles":["authenticate middleware"],"duration":0,"failing":false,"failureDetails":[{}],"failureMessages":["Error: secretOrPrivateKey must have a value\n    at Object.module.exports [as sign] (C:\\Users\\gpack\\Desktop\\gpack production\\Gpack-production-system-main (5)\\AI Gpack p-s\\backend\\node_modules\\jsonwebtoken\\sign.js:111:20)\n    at Object.sign (C:\\Users\\gpack\\Desktop\\gpack production\\Gpack-production-system-main (5)\\AI Gpack p-s\\backend\\tests\\middleware\\auth.test.js:50:32)\n    at Promise.finally.completed (C:\\Users\\gpack\\Desktop\\gpack production\\Gpack-production-system-main (5)\\AI Gpack p-s\\node_modules\\jest-circus\\build\\jestAdapterInit.js:1561:28)\n    at new Promise (<anonymous>)\n    at callAsyncCircusFn (C:\\Users\\gpack\\Desktop\\gpack production\\Gpack-production-system-main (5)\\AI Gpack p-s\\node_modules\\jest-circus\\build\\jestAdapterInit.js:1501:10)\n    at _callCircusTest (C:\\Users\\gpack\\Desktop\\gpack production\\Gpack-production-system-main (5)\\AI Gpack p-s\\node_modules\\jest-circus\\build\\jestAdapterInit.js:1011:40)\n    at _runTest (C:\\Users\\gpack\\Desktop\\gpack production\\Gpack-production-system-main (5)\\AI Gpack p-s\\node_modules\\jest-circus\\build\\jestAdapterInit.js:951:3)\n    at C:\\Users\\gpack\\Desktop\\gpack production\\Gpack-production-system-main (5)\\AI Gpack p-s\\node_modules\\jest-circus\\build\\jestAdapterInit.js:853:7\n    at _runTestsForDescribeBlock (C:\\Users\\gpack\\Desktop\\gpack production\\Gpack-production-system-main (5)\\AI Gpack p-s\\node_modules\\jest-circus\\build\\jestAdapterInit.js:866:11)\n    at _runTestsForDescribeBlock (C:\\Users\\gpack\\Desktop\\gpack production\\Gpack-production-system-main (5)\\AI Gpack p-s\\node_modules\\jest-circus\\build\\jestAdapterInit.js:861:11)\n    at run (C:\\Users\\gpack\\Desktop\\gpack production\\Gpack-production-system-main (5)\\AI Gpack p-s\\node_modules\\jest-circus\\build\\jestAdapterInit.js:765:3)\n    at runAndTransformResultsToJestFormat (C:\\Users\\gpack\\Desktop\\gpack production\\Gpack-production-system-main (5)\\AI Gpack p-s\\node_modules\\jest-circus\\build\\jestAdapterInit.js:1993:21)\n    at jestAdapter (C:\\Users\\gpack\\Desktop\\gpack production\\Gpack-production-system-main (5)\\AI Gpack p-s\\node_modules\\jest-circus\\build\\runner.js:111:19)\n    at runTestInternal (C:\\Users\\gpack\\Desktop\\gpack production\\Gpack-production-system-main (5)\\AI Gpack p-s\\node_modules\\jest-runner\\build\\index.js:276:16)\n    at runTest (C:\\Users\\gpack\\Desktop\\gpack production\\Gpack-production-system-main (5)\\AI Gpack p-s\\node_modules\\jest-runner\\build\\index.js:344:7)"],"fullName":"authenticate middleware should call next() and attach req.user for valid token","invocations":1,"location":null,"numPassingAsserts":0,"retryReasons":[],"startAt":1781615104425,"status":"failed","title":"should call next() and attach req.user for valid token"}],"endTime":1781615104433,"message":"\u001b[1m\u001b[31m  \u001b[1m● \u001b[22m\u001b[1mauthenticate middleware › should return 401 for expired token\u001b[39m\u001b[22m\n\n    secretOrPrivateKey must have a value\n\u001b[2m\u001b[22m\n\u001b[2m    \u001b[0m \u001b[90m 30 |\u001b[39m\u001b[22m\n\u001b[2m     \u001b[90m 31 |\u001b[39m     test(\u001b[32m'should return 401 for expired token'\u001b[39m\u001b[33m,\u001b[39m () \u001b[33m=>\u001b[39m {\u001b[22m\n\u001b[2m    \u001b[31m\u001b[1m>\u001b[22m\u001b[2m\u001b[39m\u001b[90m 32 |\u001b[39m         \u001b[36mconst\u001b[39m expiredToken \u001b[33m=\u001b[39m jwt\u001b[33m.\u001b[39msign({ id\u001b[33m:\u001b[39m \u001b[35m1\u001b[39m\u001b[33m,\u001b[39m role\u001b[33m:\u001b[39m \u001b[32m'admin'\u001b[39m }\u001b[33m,\u001b[39m process\u001b[33m.\u001b[39menv\u001b[33m.\u001b[39m\u001b[33mJWT_SECRET\u001b[39m\u001b[33m,\u001b[39m { expiresIn\u001b[33m:\u001b[39m \u001b[32m'-1s'\u001b[39m })\u001b[33m;\u001b[39m\u001b[22m\n\u001b[2m     \u001b[90m    |\u001b[39m                                  \u001b[31m\u001b[1m^\u001b[22m\u001b[2m\u001b[39m\u001b[22m\n\u001b[2m     \u001b[90m 33 |\u001b[39m         req\u001b[33m.\u001b[39mheaders[\u001b[32m'authorization'\u001b[39m] \u001b[33m=\u001b[39m \u001b[32m`Bearer ${expiredToken}`\u001b[39m\u001b[33m;\u001b[39m\u001b[22m\n\u001b[2m     \u001b[90m 34 |\u001b[39m         authenticate(req\u001b[33m,\u001b[39m res\u001b[33m,\u001b[39m next)\u001b[33m;\u001b[39m\u001b[22m\n\u001b[2m     \u001b[90m 35 |\u001b[39m         expect(res\u001b[33m.\u001b[39mstatus)\u001b[33m.\u001b[39mtoHaveBeenCalledWith(\u001b[35m401\u001b[39m)\u001b[33m;\u001b[39m\u001b[0m\u001b[22m\n\u001b[2m\u001b[22m\n\u001b[2m      \u001b[2mat Object.module.exports [as sign] (C:\\Users\\gpack\\Desktop\\gpack production\\Gpack-production-system-main (5)\u001b[22m\u001b[2m../../../../../../AI Gpack p-s/backend/node_modules/jsonwebtoken/sign.js\u001b[2m:111:20)\u001b[22m\u001b[2m\u001b[22m\n\u001b[2m      \u001b[2mat Object.sign (C:\\Users\\gpack\\Desktop\\gpack production\\Gpack-production-system-main (5)\u001b[22m\u001b[2m../../../../../../AI Gpack p-s/backend/tests/middleware/auth.test.js\u001b[2m:32:34)\u001b[22m\u001b[2m\u001b[22m\n\n\u001b[1m\u001b[31m  \u001b[1m● \u001b[22m\u001b[1mauthenticate middleware › should call next() and attach req.user for valid token\u001b[39m\u001b[22m\n\n    secretOrPrivateKey must have a value\n\u001b[2m\u001b[22m\n\u001b[2m    \u001b[0m \u001b[90m 48 |\u001b[39m     test(\u001b[32m'should call next() and attach req.user for valid token'\u001b[39m\u001b[33m,\u001b[39m () \u001b[33m=>\u001b[39m {\u001b[22m\n\u001b[2m     \u001b[90m 49 |\u001b[39m         \u001b[36mconst\u001b[39m payload \u001b[33m=\u001b[39m { id\u001b[33m:\u001b[39m \u001b[35m1\u001b[39m\u001b[33m,\u001b[39m role\u001b[33m:\u001b[39m \u001b[32m'admin'\u001b[39m\u001b[33m,\u001b[39m permissions\u001b[33m:\u001b[39m {} }\u001b[33m;\u001b[39m\u001b[22m\n\u001b[2m    \u001b[31m\u001b[1m>\u001b[22m\u001b[2m\u001b[39m\u001b[90m 50 |\u001b[39m         \u001b[36mconst\u001b[39m validToken \u001b[33m=\u001b[39m jwt\u001b[33m.\u001b[39msign(payload\u001b[33m,\u001b[39m process\u001b[33m.\u001b[39menv\u001b[33m.\u001b[39m\u001b[33mJWT_SECRET\u001b[39m\u001b[33m,\u001b[39m { expiresIn\u001b[33m:\u001b[39m \u001b[32m'1h'\u001b[39m })\u001b[33m;\u001b[39m\u001b[22m\n\u001b[2m     \u001b[90m    |\u001b[39m                                \u001b[31m\u001b[1m^\u001b[22m\u001b[2m\u001b[39m\u001b[22m\n\u001b[2m     \u001b[90m 51 |\u001b[39m         req\u001b[33m.\u001b[39mheaders[\u001b[32m'authorization'\u001b[39m] \u001b[33m=\u001b[39m \u001b[32m`Bearer ${validToken}`\u001b[39m\u001b[33m;\u001b[39m\u001b[22m\n\u001b[2m     \u001b[90m 52 |\u001b[39m         authenticate(req\u001b[33m,\u001b[39m res\u001b[33m,\u001b[39m next)\u001b[33m;\u001b[39m\u001b[22m\n\u001b[2m     \u001b[90m 53 |\u001b[39m         expect(next)\u001b[33m.\u001b[39mtoHaveBeenCalled()\u001b[33m;\u001b[39m\u001b[0m\u001b[22m\n\u001b[2m\u001b[22m\n\u001b[2m      \u001b[2mat Object.module.exports [as sign] (C:\\Users\\gpack\\Desktop\\gpack production\\Gpack-production-system-main (5)\u001b[22m\u001b[2m../../../../../../AI Gpack p-s/backend/node_modules/jsonwebtoken/sign.js\u001b[2m:111:20)\u001b[22m\u001b[2m\u001b[22m\n\u001b[2m      \u001b[2mat Object.sign (C:\\Users\\gpack\\Desktop\\gpack production\\Gpack-production-system-main (5)\u001b[22m\u001b[2m../../../../../../AI Gpack p-s/backend/tests/middleware/auth.test.js\u001b[2m:50:32)\u001b[22m\u001b[2m\u001b[22m\n","name":"C:\\Users\\gpack\\Desktop\\gpack production\\Gpack-production-system-main (5)\\AI Gpack p-s\\backend\\tests\\middleware\\auth.test.js","startTime":1781615104235,"status":"failed","summary":""},{"assertionResults":[{"ancestorTitles":["crypto utils"],"duration":0,"failing":false,"failureDetails":[{}],"failureMessages":["Error: SHARE_TOKEN_SECRET must be set and at least 32 characters long.\n    at _ensureSecret (C:\\Users\\gpack\\Desktop\\gpack production\\Gpack-production-system-main (5)\\AI Gpack p-s\\backend\\utils\\crypto.js:13:15)\n    at _ensureSecret (C:\\Users\\gpack\\Desktop\\gpack production\\Gpack-production-system-main (5)\\AI Gpack p-s\\backend\\utils\\crypto.js:22:5)\n    at Object.encryptToken (C:\\Users\\gpack\\Desktop\\gpack production\\Gpack-production-system-main (5)\\AI Gpack p-s\\backend\\tests\\utils\\crypto.test.js:11:27)\n    at Promise.finally.completed (C:\\Users\\gpack\\Desktop\\gpack production\\Gpack-production-system-main (5)\\AI Gpack p-s\\node_modules\\jest-circus\\build\\jestAdapterInit.js:1561:28)\n    at new Promise (<anonymous>)\n    at callAsyncCircusFn (C:\\Users\\gpack\\Desktop\\gpack production\\Gpack-production-system-main (5)\\AI Gpack p-s\\node_modules\\jest-circus\\build\\jestAdapterInit.js:1501:10)\n    at _callCircusTest (C:\\Users\\gpack\\Desktop\\gpack production\\Gpack-production-system-main (5)\\AI Gpack p-s\\node_modules\\jest-circus\\build\\jestAdapterInit.js:1011:40)\n    at _runTest (C:\\Users\\gpack\\Desktop\\gpack production\\Gpack-production-system-main (5)\\AI Gpack p-s\\node_modules\\jest-circus\\build\\jestAdapterInit.js:951:3)\n    at C:\\Users\\gpack\\Desktop\\gpack production\\Gpack-production-system-main (5)\\AI Gpack p-s\\node_modules\\jest-circus\\build\\jestAdapterInit.js:853:7\n    at _runTestsForDescribeBlock (C:\\Users\\gpack\\Desktop\\gpack production\\Gpack-production-system-main (5)\\AI Gpack p-s\\node_modules\\jest-circus\\build\\jestAdapterInit.js:866:11)\n    at _runTestsForDescribeBlock (C:\\Users\\gpack\\Desktop\\gpack production\\Gpack-production-system-main (5)\\AI Gpack p-s\\node_modules\\jest-circus\\build\\jestAdapterInit.js:861:11)\n    at run (C:\\Users\\gpack\\Desktop\\gpack production\\Gpack-production-system-main (5)\\AI Gpack p-s\\node_modules\\jest-circus\\build\\jestAdapterInit.js:765:3)\n    at runAndTransformResultsToJestFormat (C:\\Users\\gpack\\Desktop\\gpack production\\Gpack-production-system-main (5)\\AI Gpack p-s\\node_modules\\jest-circus\\build\\jestAdapterInit.js:1993:21)\n    at jestAdapter (C:\\Users\\gpack\\Desktop\\gpack production\\Gpack-production-system-main (5)\\AI Gpack p-s\\node_modules\\jest-circus\\build\\runner.js:111:19)\n    at runTestInternal (C:\\Users\\gpack\\Desktop\\gpack production\\Gpack-production-system-main (5)\\AI Gpack p-s\\node_modules\\jest-runner\\build\\index.js:276:16)\n    at runTest (C:\\Users\\gpack\\Desktop\\gpack production\\Gpack-production-system-main (5)\\AI Gpack p-s\\node_modules\\jest-runner\\build\\index.js:344:7)"],"fullName":"crypto utils encrypt + decrypt roundtrip","invocations":1,"location":null,"numPassingAsserts":0,"retryReasons":[],"startAt":1781615104501,"status":"failed","title":"encrypt + decrypt roundtrip"},{"ancestorTitles":["crypto utils"],"duration":0,"failing":false,"failureDetails":[{}],"failureMessages":["Error: SHARE_TOKEN_SECRET must be set and at least 32 characters long.\n    at _ensureSecret (C:\\Users\\gpack\\Desktop\\gpack production\\Gpack-production-system-main (5)\\AI Gpack p-s\\backend\\utils\\crypto.js:13:15)\n    at _ensureSecret (C:\\Users\\gpack\\Desktop\\gpack production\\Gpack-production-system-main (5)\\AI Gpack p-s\\backend\\utils\\crypto.js:54:5)\n    at Object.hashToken (C:\\Users\\gpack\\Desktop\\gpack production\\Gpack-production-system-main (5)\\AI Gpack p-s\\backend\\tests\\utils\\crypto.test.js:18:20)\n    at Promise.finally.completed (C:\\Users\\gpack\\Desktop\\gpack production\\Gpack-production-system-main (5)\\AI Gpack p-s\\node_modules\\jest-circus\\build\\jestAdapterInit.js:1561:28)\n    at new Promise (<anonymous>)\n    at callAsyncCircusFn (C:\\Users\\gpack\\Desktop\\gpack production\\Gpack-production-system-main (5)\\AI Gpack p-s\\node_modules\\jest-circus\\build\\jestAdapterInit.js:1501:10)\n    at _callCircusTest (C:\\Users\\gpack\\Desktop\\gpack production\\Gpack-production-system-main (5)\\AI Gpack p-s\\node_modules\\jest-circus\\build\\jestAdapterInit.js:1011:40)\n    at _runTest (C:\\Users\\gpack\\Desktop\\gpack production\\Gpack-production-system-main (5)\\AI Gpack p-s\\node_modules\\jest-circus\\build\\jestAdapterInit.js:951:3)\n    at C:\\Users\\gpack\\Desktop\\gpack production\\Gpack-production-system-main (5)\\AI Gpack p-s\\node_modules\\jest-circus\\build\\jestAdapterInit.js:853:7\n    at _runTestsForDescribeBlock (C:\\Users\\gpack\\Desktop\\gpack production\\Gpack-production-system-main (5)\\AI Gpack p-s\\node_modules\\jest-circus\\build\\jestAdapterInit.js:866:11)\n    at _runTestsForDescribeBlock (C:\\Users\\gpack\\Desktop\\gpack production\\Gpack-production-system-main (5)\\AI Gpack p-s\\node_modules\\jest-circus\\build\\jestAdapterInit.js:861:11)\n    at run (C:\\Users\\gpack\\Desktop\\gpack production\\Gpack-production-system-main (5)\\AI Gpack p-s\\node_modules\\jest-circus\\build\\jestAdapterInit.js:765:3)\n    at runAndTransformResultsToJestFormat (C:\\Users\\gpack\\Desktop\\gpack production\\Gpack-production-system-main (5)\\AI Gpack p-s\\node_modules\\jest-circus\\build\\jestAdapterInit.js:1993:21)\n    at jestAdapter (C:\\Users\\gpack\\Desktop\\gpack production\\Gpack-production-system-main (5)\\AI Gpack p-s\\node_modules\\jest-circus\\build\\runner.js:111:19)\n    at runTestInternal (C:\\Users\\gpack\\Desktop\\gpack production\\Gpack-production-system-main (5)\\AI Gpack p-s\\node_modules\\jest-runner\\build\\index.js:276:16)\n    at runTest (C:\\Users\\gpack\\Desktop\\gpack production\\Gpack-production-system-main (5)\\AI Gpack p-s\\node_modules\\jest-runner\\build\\index.js:344:7)"],"fullName":"crypto utils hashToken is deterministic","invocations":1,"location":null,"numPassingAsserts":0,"retryReasons":[],"startAt":1781615104506,"status":"failed","title":"hashToken is deterministic"},{"ancestorTitles":["crypto utils"],"duration":0,"failing":false,"failureDetails":[{}],"failureMessages":["Error: SHARE_TOKEN_SECRET must be set and at least 32 characters long.\n    at _ensureSecret (C:\\Users\\gpack\\Desktop\\gpack production\\Gpack-production-system-main (5)\\AI Gpack p-s\\backend\\utils\\crypto.js:13:15)\n    at _ensureSecret (C:\\Users\\gpack\\Desktop\\gpack production\\Gpack-production-system-main (5)\\AI Gpack p-s\\backend\\utils\\crypto.js:54:5)\n    at Object.hashToken (C:\\Users\\gpack\\Desktop\\gpack production\\Gpack-production-system-main (5)\\AI Gpack p-s\\backend\\tests\\utils\\crypto.test.js:25:20)\n    at Promise.finally.completed (C:\\Users\\gpack\\Desktop\\gpack production\\Gpack-production-system-main (5)\\AI Gpack p-s\\node_modules\\jest-circus\\build\\jestAdapterInit.js:1561:28)\n    at new Promise (<anonymous>)\n    at callAsyncCircusFn (C:\\Users\\gpack\\Desktop\\gpack production\\Gpack-production-system-main (5)\\AI Gpack p-s\\node_modules\\jest-circus\\build\\jestAdapterInit.js:1501:10)\n    at _callCircusTest (C:\\Users\\gpack\\Desktop\\gpack production\\Gpack-production-system-main (5)\\AI Gpack p-s\\node_modules\\jest-circus\\build\\jestAdapterInit.js:1011:40)\n    at _runTest (C:\\Users\\gpack\\Desktop\\gpack production\\Gpack-production-system-main (5)\\AI Gpack p-s\\node_modules\\jest-circus\\build\\jestAdapterInit.js:951:3)\n    at C:\\Users\\gpack\\Desktop\\gpack production\\Gpack-production-system-main (5)\\AI Gpack p-s\\node_modules\\jest-circus\\build\\jestAdapterInit.js:853:7\n    at _runTestsForDescribeBlock (C:\\Users\\gpack\\Desktop\\gpack production\\Gpack-production-system-main (5)\\AI Gpack p-s\\node_modules\\jest-circus\\build\\jestAdapterInit.js:866:11)\n    at _runTestsForDescribeBlock (C:\\Users\\gpack\\Desktop\\gpack production\\Gpack-production-system-main (5)\\AI Gpack p-s\\node_modules\\jest-circus\\build\\jestAdapterInit.js:861:11)\n    at run (C:\\Users\\gpack\\Desktop\\gpack production\\Gpack-production-system-main (5)\\AI Gpack p-s\\node_modules\\jest-circus\\build\\jestAdapterInit.js:765:3)\n    at runAndTransformResultsToJestFormat (C:\\Users\\gpack\\Desktop\\gpack production\\Gpack-production-system-main (5)\\AI Gpack p-s\\node_modules\\jest-circus\\build\\jestAdapterInit.js:1993:21)\n    at jestAdapter (C:\\Users\\gpack\\Desktop\\gpack production\\Gpack-production-system-main (5)\\AI Gpack p-s\\node_modules\\jest-circus\\build\\runner.js:111:19)\n    at runTestInternal (C:\\Users\\gpack\\Desktop\\gpack production\\Gpack-production-system-main (5)\\AI Gpack p-s\\node_modules\\jest-runner\\build\\index.js:276:16)\n    at runTest (C:\\Users\\gpack\\Desktop\\gpack production\\Gpack-production-system-main (5)\\AI Gpack p-s\\node_modules\\jest-runner\\build\\index.js:344:7)"],"fullName":"crypto utils hashToken of different tokens differs","invocations":1,"location":null,"numPassingAsserts":0,"retryReasons":[],"startAt":1781615104507,"status":"failed","title":"hashToken of different tokens differs"},{"ancestorTitles":["crypto utils"],"duration":1,"failing":false,"failureDetails":[],"failureMessages":[],"fullName":"crypto utils decryptShareToken returns plaintext for non-encrypted value","invocations":1,"location":null,"numPassingAsserts":3,"retryReasons":[],"startAt":1781615104508,"status":"passed","title":"decryptShareToken returns plaintext for non-encrypted value"},{"ancestorTitles":["crypto utils"],"duration":1,"failing":false,"failureDetails":[{}],"failureMessages":["Error: SHARE_TOKEN_SECRET must be set and at least 32 characters long.\n    at _ensureSecret (C:\\Users\\gpack\\Desktop\\gpack production\\Gpack-production-system-main (5)\\AI Gpack p-s\\backend\\utils\\crypto.js:13:15)\n    at _ensureSecret (C:\\Users\\gpack\\Desktop\\gpack production\\Gpack-production-system-main (5)\\AI Gpack p-s\\backend\\utils\\crypto.js:22:5)\n    at Object.encryptToken (C:\\Users\\gpack\\Desktop\\gpack production\\Gpack-production-system-main (5)\\AI Gpack p-s\\backend\\tests\\utils\\crypto.test.js:37:27)\n    at Promise.finally.completed (C:\\Users\\gpack\\Desktop\\gpack production\\Gpack-production-system-main (5)\\AI Gpack p-s\\node_modules\\jest-circus\\build\\jestAdapterInit.js:1561:28)\n    at new Promise (<anonymous>)\n    at callAsyncCircusFn (C:\\Users\\gpack\\Desktop\\gpack production\\Gpack-production-system-main (5)\\AI Gpack p-s\\node_modules\\jest-circus\\build\\jestAdapterInit.js:1501:10)\n    at _callCircusTest (C:\\Users\\gpack\\Desktop\\gpack production\\Gpack-production-system-main (5)\\AI Gpack p-s\\node_modules\\jest-circus\\build\\jestAdapterInit.js:1011:40)\n    at _runTest (C:\\Users\\gpack\\Desktop\\gpack production\\Gpack-production-system-main (5)\\AI Gpack p-s\\node_modules\\jest-circus\\build\\jestAdapterInit.js:951:3)\n    at C:\\Users\\gpack\\Desktop\\gpack production\\Gpack-production-system-main (5)\\AI Gpack p-s\\node_modules\\jest-circus\\build\\jestAdapterInit.js:853:7\n    at _runTestsForDescribeBlock (C:\\Users\\gpack\\Desktop\\gpack production\\Gpack-production-system-main (5)\\AI Gpack p-s\\node_modules\\jest-circus\\build\\jestAdapterInit.js:866:11)\n    at _runTestsForDescribeBlock (C:\\Users\\gpack\\Desktop\\gpack production\\Gpack-production-system-main (5)\\AI Gpack p-s\\node_modules\\jest-circus\\build\\jestAdapterInit.js:861:11)\n    at run (C:\\Users\\gpack\\Desktop\\gpack production\\Gpack-production-system-main (5)\\AI Gpack p-s\\node_modules\\jest-circus\\build\\jestAdapterInit.js:765:3)\n    at runAndTransformResultsToJestFormat (C:\\Users\\gpack\\Desktop\\gpack production\\Gpack-production-system-main (5)\\AI Gpack p-s\\node_modules\\jest-circus\\build\\jestAdapterInit.js:1993:21)\n    at jestAdapter (C:\\Users\\gpack\\Desktop\\gpack production\\Gpack-production-system-main (5)\\AI Gpack p-s\\node_modules\\jest-circus\\build\\runner.js:111:19)\n    at runTestInternal (C:\\Users\\gpack\\Desktop\\gpack production\\Gpack-production-system-main (5)\\AI Gpack p-s\\node_modules\\jest-runner\\build\\index.js:276:16)\n    at runTest (C:\\Users\\gpack\\Desktop\\gpack production\\Gpack-production-system-main (5)\\AI Gpack p-s\\node_modules\\jest-runner\\build\\index.js:344:7)"],"fullName":"crypto utils decryptShareToken decrypts encrypted token","invocations":1,"location":null,"numPassingAsserts":0,"retryReasons":[],"startAt":1781615104509,"status":"failed","title":"decryptShareToken decrypts encrypted token"},{"ancestorTitles":["crypto utils"],"duration":1,"failing":false,"failureDetails":[],"failureMessages":[],"fullName":"crypto utils decryptShareToken gracefully handles garbage","invocations":1,"location":null,"numPassingAsserts":1,"retryReasons":[],"startAt":1781615104510,"status":"passed","title":"decryptShareToken gracefully handles garbage"}],"endTime":1781615104520,"message":"\u001b[1m\u001b[31m  \u001b[1m● \u001b[22m\u001b[1mcrypto utils › encrypt + decrypt roundtrip\u001b[39m\u001b[22m\n\n    SHARE_TOKEN_SECRET must be set and at least 32 characters long.\n\u001b[2m\u001b[22m\n\u001b[2m    \u001b[0m \u001b[90m 11 |\u001b[39m \u001b[36mfunction\u001b[39m _ensureSecret() {\u001b[22m\n\u001b[2m     \u001b[90m 12 |\u001b[39m     \u001b[36mif\u001b[39m (\u001b[33m!\u001b[39m\u001b[33mSECRET\u001b[39m \u001b[33m||\u001b[39m \u001b[33mSECRET\u001b[39m\u001b[33m.\u001b[39mlength \u001b[33m<\u001b[39m \u001b[35m32\u001b[39m) {\u001b[22m\n\u001b[2m    \u001b[31m\u001b[1m>\u001b[22m\u001b[2m\u001b[39m\u001b[90m 13 |\u001b[39m         \u001b[36mthrow\u001b[39m \u001b[36mnew\u001b[39m \u001b[33mError\u001b[39m(\u001b[32m'SHARE_TOKEN_SECRET must be set and at least 32 characters long.'\u001b[39m)\u001b[33m;\u001b[39m\u001b[22m\n\u001b[2m     \u001b[90m    |\u001b[39m               \u001b[31m\u001b[1m^\u001b[22m\u001b[2m\u001b[39m\u001b[22m\n\u001b[2m     \u001b[90m 14 |\u001b[39m     }\u001b[22m\n\u001b[2m     \u001b[90m 15 |\u001b[39m }\u001b[22m\n\u001b[2m     \u001b[90m 16 |\u001b[39m\u001b[0m\u001b[22m\n\u001b[2m\u001b[22m\n\u001b[2m      \u001b[2mat _ensureSecret (C:\\Users\\gpack\\Desktop\\gpack production\\Gpack-production-system-main (5)\u001b[22m\u001b[2m../../../../../../AI Gpack p-s/backend/utils/crypto.js\u001b[2m:13:15)\u001b[22m\u001b[2m\u001b[22m\n\u001b[2m      \u001b[2mat _ensureSecret (C:\\Users\\gpack\\Desktop\\gpack production\\Gpack-production-system-main (5)\u001b[22m\u001b[2m../../../../../../AI Gpack p-s/backend/utils/crypto.js\u001b[2m:22:5)\u001b[22m\u001b[2m\u001b[22m\n\u001b[2m      \u001b[2mat Object.encryptToken (C:\\Users\\gpack\\Desktop\\gpack production\\Gpack-production-system-main (5)\u001b[22m\u001b[2m../../../../../../AI Gpack p-s/backend/tests/utils/crypto.test.js\u001b[2m:11:27)\u001b[22m\u001b[2m\u001b[22m\n\n\u001b[1m\u001b[31m  \u001b[1m● \u001b[22m\u001b[1mcrypto utils › hashToken is deterministic\u001b[39m\u001b[22m\n\n    SHARE_TOKEN_SECRET must be set and at least 32 characters long.\n\u001b[2m\u001b[22m\n\u001b[2m    \u001b[0m \u001b[90m 11 |\u001b[39m \u001b[36mfunction\u001b[39m _ensureSecret() {\u001b[22m\n\u001b[2m     \u001b[90m 12 |\u001b[39m     \u001b[36mif\u001b[39m (\u001b[33m!\u001b[39m\u001b[33mSECRET\u001b[39m \u001b[33m||\u001b[39m \u001b[33mSECRET\u001b[39m\u001b[33m.\u001b[39mlength \u001b[33m<\u001b[39m \u001b[35m32\u001b[39m) {\u001b[22m\n\u001b[2m    \u001b[31m\u001b[1m>\u001b[22m\u001b[2m\u001b[39m\u001b[90m 13 |\u001b[39m         \u001b[36mthrow\u001b[39m \u001b[36mnew\u001b[39m \u001b[33mError\u001b[39m(\u001b[32m'SHARE_TOKEN_SECRET must be set and at least 32 characters long.'\u001b[39m)\u001b[33m;\u001b[39m\u001b[22m\n\u001b[2m     \u001b[90m    |\u001b[39m               \u001b[31m\u001b[1m^\u001b[22m\u001b[2m\u001b[39m\u001b[22m\n\u001b[2m     \u001b[90m 14 |\u001b[39m     }\u001b[22m\n\u001b[2m     \u001b[90m 15 |\u001b[39m }\u001b[22m\n\u001b[2m     \u001b[90m 16 |\u001b[39m\u001b[0m\u001b[22m\n\u001b[2m\u001b[22m\n\u001b[2m      \u001b[2mat _ensureSecret (C:\\Users\\gpack\\Desktop\\gpack production\\Gpack-production-system-main (5)\u001b[22m\u001b[2m../../../../../../AI Gpack p-s/backend/utils/crypto.js\u001b[2m:13:15)\u001b[22m\u001b[2m\u001b[22m\n\u001b[2m      \u001b[2mat _ensureSecret (C:\\Users\\gpack\\Desktop\\gpack production\\Gpack-production-system-main (5)\u001b[22m\u001b[2m../../../../../../AI Gpack p-s/backend/utils/crypto.js\u001b[2m:54:5)\u001b[22m\u001b[2m\u001b[22m\n\u001b[2m      \u001b[2mat Object.hashToken (C:\\Users\\gpack\\Desktop\\gpack production\\Gpack-production-system-main (5)\u001b[22m\u001b[2m../../../../../../AI Gpack p-s/backend/tests/utils/crypto.test.js\u001b[2m:18:20)\u001b[22m\u001b[2m\u001b[22m\n\n\u001b[1m\u001b[31m  \u001b[1m● \u001b[22m\u001b[1mcrypto utils › hashToken of different tokens differs\u001b[39m\u001b[22m\n\n    SHARE_TOKEN_SECRET must be set and at least 32 characters long.\n\u001b[2m\u001b[22m\n\u001b[2m    \u001b[0m \u001b[90m 11 |\u001b[39m \u001b[36mfunction\u001b[39m _ensureSecret() {\u001b[22m\n\u001b[2m     \u001b[90m 12 |\u001b[39m     \u001b[36mif\u001b[39m (\u001b[33m!\u001b[39m\u001b[33mSECRET\u001b[39m \u001b[33m||\u001b[39m \u001b[33mSECRET\u001b[39m\u001b[33m.\u001b[39mlength \u001b[33m<\u001b[39m \u001b[35m32\u001b[39m) {\u001b[22m\n\u001b[2m    \u001b[31m\u001b[1m>\u001b[22m\u001b[2m\u001b[39m\u001b[90m 13 |\u001b[39m         \u001b[36mthrow\u001b[39m \u001b[36mnew\u001b[39m \u001b[33mError\u001b[39m(\u001b[32m'SHARE_TOKEN_SECRET must be set and at least 32 characters long.'\u001b[39m)\u001b[33m;\u001b[39m\u001b[22m\n\u001b[2m     \u001b[90m    |\u001b[39m               \u001b[31m\u001b[1m^\u001b[22m\u001b[2m\u001b[39m\u001b[22m\n\u001b[2m     \u001b[90m 14 |\u001b[39m     }\u001b[22m\n\u001b[2m     \u001b[90m 15 |\u001b[39m }\u001b[22m\n\u001b[2m     \u001b[90m 16 |\u001b[39m\u001b[0m\u001b[22m\n\u001b[2m\u001b[22m\n\u001b[2m      \u001b[2mat _ensureSecret (C:\\Users\\gpack\\Desktop\\gpack production\\Gpack-production-system-main (5)\u001b[22m\u001b[2m../../../../../../AI Gpack p-s/backend/utils/crypto.js\u001b[2m:13:15)\u001b[22m\u001b[2m\u001b[22m\n\u001b[2m      \u001b[2mat _ensureSecret (C:\\Users\\gpack\\Desktop\\gpack production\\Gpack-production-system-main (5)\u001b[22m\u001b[2m../../../../../../AI Gpack p-s/backend/utils/crypto.js\u001b[2m:54:5)\u001b[22m\u001b[2m\u001b[22m\n\u001b[2m      \u001b[2mat Object.hashToken (C:\\Users\\gpack\\Desktop\\gpack production\\Gpack-production-system-main (5)\u001b[22m\u001b[2m../../../../../../AI Gpack p-s/backend/tests/utils/crypto.test.js\u001b[2m:25:20)\u001b[22m\u001b[2m\u001b[22m\n\n\u001b[1m\u001b[31m  \u001b[1m● \u001b[22m\u001b[1mcrypto utils › decryptShareToken decrypts encrypted token\u001b[39m\u001b[22m\n\n    SHARE_TOKEN_SECRET must be set and at least 32 characters long.\n\u001b[2m\u001b[22m\n\u001b[2m    \u001b[0m \u001b[90m 11 |\u001b[39m \u001b[36mfunction\u001b[39m _ensureSecret() {\u001b[22m\n\u001b[2m     \u001b[90m 12 |\u001b[39m     \u001b[36mif\u001b[39m (\u001b[33m!\u001b[39m\u001b[33mSECRET\u001b[39m \u001b[33m||\u001b[39m \u001b[33mSECRET\u001b[39m\u001b[33m.\u001b[39mlength \u001b[33m<\u001b[39m \u001b[35m32\u001b[39m) {\u001b[22m\n\u001b[2m    \u001b[31m\u001b[1m>\u001b[22m\u001b[2m\u001b[39m\u001b[90m 13 |\u001b[39m         \u001b[36mthrow\u001b[39m \u001b[36mnew\u001b[39m \u001b[33mError\u001b[39m(\u001b[32m'SHARE_TOKEN_SECRET must be set and at least 32 characters long.'\u001b[39m)\u001b[33m;\u001b[39m\u001b[22m\n\u001b[2m     \u001b[90m    |\u001b[39m               \u001b[31m\u001b[1m^\u001b[22m\u001b[2m\u001b[39m\u001b[22m\n\u001b[2m     \u001b[90m 14 |\u001b[39m     }\u001b[22m\n\u001b[2m     \u001b[90m 15 |\u001b[39m }\u001b[22m\n\u001b[2m     \u001b[90m 16 |\u001b[39m\u001b[0m\u001b[22m\n\u001b[2m\u001b[22m\n\u001b[2m      \u001b[2mat _ensureSecret (C:\\Users\\gpack\\Desktop\\gpack production\\Gpack-production-system-main (5)\u001b[22m\u001b[2m../../../../../../AI Gpack p-s/backend/utils/crypto.js\u001b[2m:13:15)\u001b[22m\u001b[2m\u001b[22m\n\u001b[2m      \u001b[2mat _ensureSecret (C:\\Users\\gpack\\Desktop\\gpack production\\Gpack-production-system-main (5)\u001b[22m\u001b[2m../../../../../../AI Gpack p-s/backend/utils/crypto.js\u001b[2m:22:5)\u001b[22m\u001b[2m\u001b[22m\n\u001b[2m      \u001b[2mat Object.encryptToken (C:\\Users\\gpack\\Desktop\\gpack production\\Gpack-production-system-main (5)\u001b[22m\u001b[2m../../../../../../AI Gpack p-s/backend/tests/utils/crypto.test.js\u001b[2m:37:27)\u001b[22m\u001b[2m\u001b[22m\n","name":"C:\\Users\\gpack\\Desktop\\gpack production\\Gpack-production-system-main (5)\\AI Gpack p-s\\backend\\tests\\utils\\crypto.test.js","startTime":1781615104443,"status":"failed","summary":""},{"assertionResults":[{"ancestorTitles":["settings utils"],"duration":16,"failing":false,"failureDetails":[],"failureMessages":[],"fullName":"settings utils getVatRate returns a number between 0 and 1","invocations":1,"location":null,"numPassingAsserts":3,"retryReasons":[],"startAt":1781615104675,"status":"passed","title":"getVatRate returns a number between 0 and 1"}],"endTime":1781615104693,"message":"","name":"C:\\Users\\gpack\\Desktop\\gpack production\\Gpack-production-system-main (5)\\AI Gpack p-s\\backend\\tests\\utils\\settings.test.js","startTime":1781615104531,"status":"passed","summary":""},{"assertionResults":[{"ancestorTitles":["authorize middleware"],"duration":2,"failing":false,"failureDetails":[],"failureMessages":[],"fullName":"authorize middleware should return 401 when req.user is missing","invocations":1,"location":null,"numPassingAsserts":3,"retryReasons":[],"startAt":1781615104753,"status":"passed","title":"should return 401 when req.user is missing"},{"ancestorTitles":["authorize middleware"],"duration":1,"failing":false,"failureDetails":[],"failureMessages":[],"fullName":"authorize middleware super_admin should bypass all checks","invocations":1,"location":null,"numPassingAsserts":2,"retryReasons":[],"startAt":1781615104755,"status":"passed","title":"super_admin should bypass all checks"},{"ancestorTitles":["authorize middleware"],"duration":0,"failing":false,"failureDetails":[],"failureMessages":[],"fullName":"authorize middleware admin should bypass all checks","invocations":1,"location":null,"numPassingAsserts":1,"retryReasons":[],"startAt":1781615104757,"status":"passed","title":"admin should bypass all checks"},{"ancestorTitles":["authorize middleware"],"duration":1,"failing":false,"failureDetails":[],"failureMessages":[],"fullName":"authorize middleware all_access flag should bypass checks","invocations":1,"location":null,"numPassingAsserts":1,"retryReasons":[],"startAt":1781615104757,"status":"passed","title":"all_access flag should bypass checks"},{"ancestorTitles":["authorize middleware"],"duration":1,"failing":false,"failureDetails":[],"failureMessages":[],"fullName":"authorize middleware role-only check: allowed role passes","invocations":1,"location":null,"numPassingAsserts":1,"retryReasons":[],"startAt":1781615104758,"status":"passed","title":"role-only check: allowed role passes"},{"ancestorTitles":["authorize middleware"],"duration":0,"failing":false,"failureDetails":[],"failureMessages":[],"fullName":"authorize middleware role-only check: disallowed role returns 403","invocations":1,"location":null,"numPassingAsserts":3,"retryReasons":[],"startAt":1781615104759,"status":"passed","title":"role-only check: disallowed role returns 403"},{"ancestorTitles":["authorize middleware"],"duration":0,"failing":false,"failureDetails":[],"failureMessages":[],"fullName":"authorize middleware resource permission (object format): allowed action passes","invocations":1,"location":null,"numPassingAsserts":1,"retryReasons":[],"startAt":1781615104760,"status":"passed","title":"resource permission (object format): allowed action passes"},{"ancestorTitles":["authorize middleware"],"duration":0,"failing":false,"failureDetails":[],"failureMessages":[],"fullName":"authorize middleware resource permission (object format): denied action returns 403","invocations":1,"location":null,"numPassingAsserts":1,"retryReasons":[],"startAt":1781615104761,"status":"passed","title":"resource permission (object format): denied action returns 403"},{"ancestorTitles":["authorize middleware"],"duration":0,"failing":false,"failureDetails":[],"failureMessages":[],"fullName":"authorize middleware resource permission (array format): allowed action passes","invocations":1,"location":null,"numPassingAsserts":1,"retryReasons":[],"startAt":1781615104762,"status":"passed","title":"resource permission (array format): allowed action passes"},{"ancestorTitles":["authorize middleware"],"duration":1,"failing":false,"failureDetails":[],"failureMessages":[],"fullName":"authorize middleware resource permission (array format): denied action returns 403","invocations":1,"location":null,"numPassingAsserts":1,"retryReasons":[],"startAt":1781615104762,"status":"passed","title":"resource permission (array format): denied action returns 403"},{"ancestorTitles":["authorize middleware"],"duration":1,"failing":false,"failureDetails":[],"failureMessages":[],"fullName":"authorize middleware resource permission (boolean format): true passes","invocations":1,"location":null,"numPassingAsserts":1,"retryReasons":[],"startAt":1781615104763,"status":"passed","title":"resource permission (boolean format): true passes"},{"ancestorTitles":["authorize middleware"],"duration":1,"failing":false,"failureDetails":[],"failureMessages":[],"fullName":"authorize middleware resource permission (boolean format): false returns 403","invocations":1,"location":null,"numPassingAsserts":1,"retryReasons":[],"startAt":1781615104764,"status":"passed","title":"resource permission (boolean format): false returns 403"},{"ancestorTitles":["authorize middleware"],"duration":0,"failing":false,"failureDetails":[],"failureMessages":[],"fullName":"authorize middleware unknown resource returns 403","invocations":1,"location":null,"numPassingAsserts":1,"retryReasons":[],"startAt":1781615104766,"status":"passed","title":"unknown resource returns 403"}],"endTime":1781615104767,"message":"","name":"C:\\Users\\gpack\\Desktop\\gpack production\\Gpack-production-system-main (5)\\AI Gpack p-s\\backend\\tests\\middleware\\authorize.test.js","startTime":1781615104709,"status":"passed","summary":""}],"wasInterrupted":false}
