TN:
SF:middleware\authorize.js
FN:20,(anonymous_0)
FN:21,(anonymous_1)
FNF:2
FNH:1
FNDA:3,(anonymous_0)
FNDA:0,(anonymous_1)
DA:20,1
DA:21,3
DA:22,0
DA:23,0
DA:26,0
DA:29,0
DA:30,0
DA:34,0
DA:35,0
DA:39,0
DA:40,0
DA:41,0
DA:42,0
DA:44,0
DA:48,0
DA:49,0
DA:50,0
DA:53,0
DA:54,0
DA:55,0
DA:60,0
DA:61,0
DA:65,0
DA:66,0
DA:71,0
DA:75,1
LF:26
LH:3
BRDA:22,0,0,0
BRDA:22,0,1,0
BRDA:29,1,0,0
BRDA:29,1,1,0
BRDA:29,2,0,0
BRDA:29,2,1,0
BRDA:34,3,0,0
BRDA:34,3,1,0
BRDA:34,4,0,0
BRDA:34,4,1,0
BRDA:39,5,0,0
BRDA:39,5,1,0
BRDA:40,6,0,0
BRDA:40,6,1,0
BRDA:41,7,0,0
BRDA:41,7,1,0
BRDA:49,8,0,0
BRDA:49,8,1,0
BRDA:49,9,0,0
BRDA:49,9,1,0
BRDA:53,10,0,0
BRDA:53,10,1,0
BRDA:53,11,0,0
BRDA:53,11,1,0
BRDA:54,12,0,0
BRDA:54,12,1,0
BRDA:60,13,0,0
BRDA:60,13,1,0
BRDA:60,14,0,0
BRDA:60,14,1,0
BRDA:65,15,0,0
BRDA:65,15,1,0
BRDA:65,16,0,0
BRDA:65,16,1,0
BRF:34
BRH:0
end_of_record
TN:
SF:routes\orders.js
FN:20,(anonymous_0)
FN:25,(anonymous_1)
FN:31,(anonymous_2)
FN:36,(anonymous_3)
FN:64,(anonymous_4)
FN:83,(anonymous_5)
FN:85,(anonymous_6)
FN:220,(anonymous_7)
FN:244,(anonymous_8)
FN:266,(anonymous_9)
FN:287,(anonymous_10)
FN:308,(anonymous_11)
FN:380,(anonymous_12)
FN:414,(anonymous_13)
FN:459,(anonymous_14)
FN:502,(anonymous_15)
FN:542,(anonymous_16)
FN:615,(anonymous_17)
FN:646,(anonymous_18)
FN:785,(anonymous_19)
FN:841,(anonymous_20)
FN:868,(anonymous_21)
FN:875,(anonymous_22)
FN:974,(anonymous_23)
FN:1027,(anonymous_24)
FN:1028,(anonymous_25)
FN:1029,(anonymous_26)
FN:1030,(anonymous_27)
FN:1038,(anonymous_28)
FN:1060,(anonymous_29)
FN:1075,(anonymous_30)
FN:1082,(anonymous_31)
FN:1179,(anonymous_32)
FN:1223,(anonymous_33)
FN:1242,(anonymous_34)
FN:1445,(anonymous_35)
FN:1504,(anonymous_36)
FN:1544,(anonymous_37)
FN:1599,(anonymous_38)
FN:1620,(anonymous_39)
FN:1771,(anonymous_40)
FN:1783,(anonymous_41)
FN:1870,(anonymous_42)
FN:1896,(anonymous_43)
FN:1918,(anonymous_44)
FN:1950,(anonymous_45)
FN:1955,(anonymous_46)
FNF:47
FNH:3
FNDA:5,(anonymous_0)
FNDA:0,(anonymous_1)
FNDA:4,(anonymous_2)
FNDA:0,(anonymous_3)
FNDA:0,(anonymous_4)
FNDA:0,(anonymous_5)
FNDA:0,(anonymous_6)
FNDA:0,(anonymous_7)
FNDA:0,(anonymous_8)
FNDA:0,(anonymous_9)
FNDA:0,(anonymous_10)
FNDA:0,(anonymous_11)
FNDA:0,(anonymous_12)
FNDA:0,(anonymous_13)
FNDA:0,(anonymous_14)
FNDA:0,(anonymous_15)
FNDA:0,(anonymous_16)
FNDA:0,(anonymous_17)
FNDA:1,(anonymous_18)
FNDA:0,(anonymous_19)
FNDA:0,(anonymous_20)
FNDA:0,(anonymous_21)
FNDA:0,(anonymous_22)
FNDA:0,(anonymous_23)
FNDA:0,(anonymous_24)
FNDA:0,(anonymous_25)
FNDA:0,(anonymous_26)
FNDA:0,(anonymous_27)
FNDA:0,(anonymous_28)
FNDA:0,(anonymous_29)
FNDA:0,(anonymous_30)
FNDA:0,(anonymous_31)
FNDA:0,(anonymous_32)
FNDA:0,(anonymous_33)
FNDA:0,(anonymous_34)
FNDA:0,(anonymous_35)
FNDA:0,(anonymous_36)
FNDA:0,(anonymous_37)
FNDA:0,(anonymous_38)
FNDA:0,(anonymous_39)
FNDA:0,(anonymous_40)
FNDA:0,(anonymous_41)
FNDA:0,(anonymous_42)
FNDA:0,(anonymous_43)
FNDA:0,(anonymous_44)
FNDA:0,(anonymous_45)
FNDA:0,(anonymous_46)
DA:3,1
DA:4,1
DA:5,1
DA:6,1
DA:7,1
DA:8,1
DA:9,1
DA:10,1
DA:12,1
DA:20,1
DA:21,5
DA:22,5
DA:23,5
DA:24,0
DA:25,0
DA:26,0
DA:27,0
DA:31,1
DA:32,4
DA:33,4
DA:34,4
DA:35,0
DA:36,0
DA:41,0
DA:42,0
DA:44,1
DA:45,1
DA:47,1
DA:64,1
DA:65,0
DA:66,0
DA:67,0
DA:70,0
DA:71,0
DA:72,0
DA:74,0
DA:75,0
DA:77,0
DA:78,0
DA:79,0
DA:82,0
DA:83,0
DA:84,0
DA:85,0
DA:86,0
DA:87,0
DA:89,0
DA:90,0
DA:91,0
DA:94,0
DA:95,0
DA:96,0
DA:99,0
DA:100,0
DA:101,0
DA:102,0
DA:107,0
DA:110,0
DA:111,0
DA:112,0
DA:114,0
DA:219,0
DA:220,0
DA:221,0
DA:222,0
DA:223,0
DA:226,0
DA:228,0
DA:229,0
DA:244,1
DA:245,0
DA:246,0
DA:254,0
DA:256,0
DA:257,0
DA:266,1
DA:267,0
DA:268,0
DA:276,0
DA:278,0
DA:279,0
DA:287,1
DA:288,0
DA:289,0
DA:295,0
DA:297,0
DA:298,0
DA:308,1
DA:309,0
DA:310,0
DA:312,0
DA:313,0
DA:314,0
DA:316,0
DA:317,0
DA:318,0
DA:320,0
DA:321,0
DA:322,0
DA:323,0
DA:326,0
DA:329,0
DA:341,0
DA:360,0
DA:368,0
DA:369,0
DA:380,1
DA:381,0
DA:382,0
DA:384,0
DA:385,0
DA:388,0
DA:400,0
DA:401,0
DA:403,0
DA:404,0
DA:414,1
DA:415,0
DA:416,0
DA:418,0
DA:419,0
DA:422,0
DA:446,0
DA:448,0
DA:449,0
DA:459,1
DA:460,0
DA:461,0
DA:463,0
DA:464,0
DA:467,0
DA:481,0
DA:482,0
DA:489,0
DA:491,0
DA:492,0
DA:502,1
DA:503,0
DA:504,0
DA:506,0
DA:507,0
DA:510,0
DA:530,0
DA:532,0
DA:533,0
DA:542,1
DA:543,0
DA:544,0
DA:545,0
DA:548,0
DA:572,0
DA:573,0
DA:576,0
DA:577,0
DA:578,0
DA:582,0
DA:600,0
DA:605,0
DA:606,0
DA:615,1
DA:616,0
DA:617,0
DA:619,0
DA:633,0
DA:635,0
DA:636,0
DA:646,1
DA:647,1
DA:648,1
DA:649,1
DA:651,1
DA:703,1
DA:704,0
DA:707,1
DA:708,1
DA:716,1
DA:717,1
DA:719,1
DA:720,0
DA:723,1
DA:766,1
DA:768,1
DA:770,0
DA:771,0
DA:785,1
DA:797,0
DA:799,0
DA:800,0
DA:803,0
DA:805,0
DA:806,0
DA:810,0
DA:811,0
DA:812,0
DA:813,0
DA:815,0
DA:816,0
DA:817,0
DA:819,0
DA:820,0
DA:821,0
DA:825,0
DA:827,0
DA:828,0
DA:829,0
DA:833,0
DA:834,0
DA:836,0
DA:837,0
DA:841,0
DA:844,0
DA:848,0
DA:849,0
DA:855,0
DA:856,0
DA:861,0
DA:862,0
DA:863,0
DA:866,0
DA:868,0
DA:869,0
DA:870,0
DA:874,0
DA:875,0
DA:876,0
DA:877,0
DA:878,0
DA:879,0
DA:880,0
DA:882,0
DA:883,0
DA:884,0
DA:888,0
DA:890,0
DA:892,0
DA:894,0
DA:919,0
DA:920,0
DA:924,0
DA:925,0
DA:940,0
DA:943,0
DA:947,0
DA:957,0
DA:959,0
DA:960,0
DA:961,0
DA:963,0
DA:974,1
DA:975,0
DA:987,0
DA:989,0
DA:991,0
DA:992,0
DA:999,0
DA:1000,0
DA:1003,0
DA:1004,0
DA:1006,0
DA:1007,0
DA:1010,0
DA:1011,0
DA:1014,0
DA:1015,0
DA:1018,0
DA:1019,0
DA:1022,0
DA:1027,0
DA:1028,0
DA:1029,0
DA:1030,0
DA:1038,0
DA:1046,0
DA:1060,0
DA:1065,0
DA:1068,0
DA:1069,0
DA:1070,0
DA:1073,0
DA:1075,0
DA:1076,0
DA:1077,0
DA:1081,0
DA:1082,0
DA:1083,0
DA:1084,0
DA:1085,0
DA:1086,0
DA:1087,0
DA:1089,0
DA:1090,0
DA:1091,0
DA:1095,0
DA:1096,0
DA:1098,0
DA:1100,0
DA:1141,0
DA:1143,0
DA:1144,0
DA:1145,0
DA:1160,0
DA:1163,0
DA:1166,0
DA:1168,0
DA:1169,0
DA:1179,1
DA:1180,0
DA:1181,0
DA:1183,0
DA:1185,0
DA:1186,0
DA:1190,0
DA:1191,0
DA:1192,0
DA:1195,0
DA:1196,0
DA:1200,0
DA:1201,0
DA:1203,0
DA:1205,0
DA:1206,0
DA:1223,1
DA:1224,0
DA:1233,0
DA:1235,0
DA:1237,0
DA:1238,0
DA:1241,0
DA:1242,0
DA:1245,0
DA:1253,0
DA:1254,0
DA:1257,0
DA:1260,0
DA:1261,0
DA:1262,0
DA:1263,0
DA:1267,0
DA:1271,0
DA:1273,0
DA:1274,0
DA:1278,0
DA:1280,0
DA:1290,0
DA:1293,0
DA:1296,0
DA:1299,0
DA:1300,0
DA:1302,0
DA:1305,0
DA:1307,0
DA:1308,0
DA:1312,0
DA:1313,0
DA:1315,0
DA:1316,0
DA:1317,0
DA:1321,0
DA:1322,0
DA:1324,0
DA:1325,0
DA:1326,0
DA:1333,0
DA:1334,0
DA:1336,0
DA:1339,0
DA:1340,0
DA:1344,0
DA:1357,0
DA:1358,0
DA:1362,0
DA:1375,0
DA:1390,0
DA:1391,0
DA:1392,0
DA:1393,0
DA:1394,0
DA:1395,0
DA:1396,0
DA:1397,0
DA:1398,0
DA:1402,0
DA:1418,0
DA:1427,0
DA:1429,0
DA:1430,0
DA:1445,1
DA:1446,0
DA:1447,0
DA:1448,0
DA:1458,0
DA:1460,0
DA:1470,0
DA:1478,0
DA:1486,0
DA:1493,0
DA:1494,0
DA:1504,1
DA:1505,0
DA:1506,0
DA:1507,0
DA:1516,0
DA:1517,0
DA:1520,0
DA:1522,0
DA:1529,0
DA:1531,0
DA:1533,0
DA:1534,0
DA:1544,1
DA:1545,0
DA:1546,0
DA:1547,0
DA:1555,0
DA:1557,0
DA:1558,0
DA:1559,0
DA:1562,0
DA:1571,0
DA:1580,0
DA:1586,0
DA:1587,0
DA:1599,1
DA:1600,0
DA:1608,0
DA:1610,0
DA:1612,0
DA:1613,0
DA:1615,0
DA:1616,0
DA:1619,0
DA:1620,0
DA:1621,0
DA:1626,0
DA:1627,0
DA:1628,0
DA:1629,0
DA:1634,0
DA:1635,0
DA:1641,0
DA:1642,0
DA:1648,0
DA:1649,0
DA:1655,0
DA:1656,0
DA:1665,0
DA:1666,0
DA:1668,0
DA:1678,0
DA:1679,0
DA:1680,0
DA:1681,0
DA:1682,0
DA:1687,0
DA:1688,0
DA:1689,0
DA:1691,0
DA:1692,0
DA:1693,0
DA:1694,0
DA:1695,0
DA:1698,0
DA:1706,0
DA:1709,0
DA:1710,0
DA:1711,0
DA:1718,0
DA:1719,0
DA:1720,0
DA:1729,0
DA:1730,0
DA:1743,0
DA:1747,0
DA:1757,0
DA:1759,0
DA:1760,0
DA:1771,1
DA:1772,0
DA:1773,0
DA:1775,0
DA:1776,0
DA:1777,0
DA:1780,0
DA:1782,0
DA:1783,0
DA:1784,0
DA:1789,0
DA:1790,0
DA:1791,0
DA:1792,0
DA:1795,0
DA:1796,0
DA:1797,0
DA:1800,0
DA:1803,0
DA:1809,0
DA:1810,0
DA:1811,0
DA:1812,0
DA:1813,0
DA:1814,0
DA:1815,0
DA:1816,0
DA:1817,0
DA:1821,0
DA:1830,0
DA:1831,0
DA:1832,0
DA:1839,0
DA:1842,0
DA:1851,0
DA:1861,0
DA:1863,0
DA:1864,0
DA:1870,1
DA:1871,0
DA:1873,0
DA:1874,0
DA:1875,0
DA:1876,0
DA:1878,0
DA:1879,0
DA:1882,0
DA:1883,0
DA:1885,0
DA:1887,0
DA:1888,0
DA:1896,1
DA:1897,0
DA:1898,0
DA:1899,0
DA:1906,0
DA:1908,0
DA:1909,0
DA:1918,1
DA:1919,0
DA:1920,0
DA:1921,0
DA:1923,0
DA:1924,0
DA:1928,0
DA:1929,0
DA:1931,0
DA:1938,0
DA:1940,0
DA:1941,0
DA:1950,1
DA:1951,0
DA:1952,0
DA:1954,0
DA:1955,0
DA:1958,0
DA:1965,0
DA:1966,0
DA:1969,0
DA:1972,0
DA:1973,0
DA:1977,0
DA:1987,0
DA:1988,0
DA:1991,0
DA:1994,0
DA:1996,0
DA:1997,0
DA:2008,0
DA:2009,0
DA:2017,0
DA:2018,0
DA:2019,0
DA:2020,0
DA:2024,0
DA:2025,0
DA:2036,0
DA:2044,0
DA:2053,0
DA:2056,0
DA:2057,0
DA:2064,1
LF:578
LH:59
BRDA:21,0,0,5
BRDA:21,0,1,5
BRDA:22,1,0,5
BRDA:22,1,1,5
BRDA:23,2,0,5
BRDA:23,2,1,0
BRDA:23,3,0,5
BRDA:23,3,1,5
BRDA:24,4,0,0
BRDA:24,4,1,0
BRDA:24,5,0,0
BRDA:24,5,1,0
BRDA:25,6,0,0
BRDA:25,6,1,0
BRDA:25,6,2,0
BRDA:25,6,3,0
BRDA:25,6,4,0
BRDA:25,6,5,0
BRDA:26,7,0,0
BRDA:26,7,1,0
BRDA:26,8,0,0
BRDA:26,8,1,0
BRDA:26,8,2,0
BRDA:32,9,0,0
BRDA:32,9,1,4
BRDA:34,10,0,4
BRDA:34,10,1,0
BRDA:34,11,0,4
BRDA:34,11,1,4
BRDA:35,12,0,0
BRDA:35,12,1,0
BRDA:35,13,0,0
BRDA:35,13,1,0
BRDA:36,14,0,0
BRDA:36,14,1,0
BRDA:36,14,2,0
BRDA:36,14,3,0
BRDA:36,14,4,0
BRDA:36,14,5,0
BRDA:36,14,6,0
BRDA:36,14,7,0
BRDA:36,14,8,0
BRDA:41,15,0,0
BRDA:41,15,1,0
BRDA:41,16,0,0
BRDA:41,16,1,0
BRDA:41,16,2,0
BRDA:66,17,0,0
BRDA:66,18,0,0
BRDA:70,19,0,0
BRDA:70,19,1,0
BRDA:71,20,0,0
BRDA:71,20,1,0
BRDA:77,21,0,0
BRDA:77,21,1,0
BRDA:82,22,0,0
BRDA:82,22,1,0
BRDA:84,23,0,0
BRDA:84,23,1,0
BRDA:89,24,0,0
BRDA:89,24,1,0
BRDA:94,25,0,0
BRDA:94,25,1,0
BRDA:99,26,0,0
BRDA:99,26,1,0
BRDA:107,27,0,0
BRDA:107,27,1,0
BRDA:219,28,0,0
BRDA:219,28,1,0
BRDA:222,29,0,0
BRDA:222,29,1,0
BRDA:310,30,0,0
BRDA:310,31,0,0
BRDA:316,32,0,0
BRDA:316,32,1,0
BRDA:320,33,0,0
BRDA:320,33,1,0
BRDA:384,34,0,0
BRDA:384,34,1,0
BRDA:384,35,0,0
BRDA:384,35,1,0
BRDA:400,36,0,0
BRDA:400,36,1,0
BRDA:418,37,0,0
BRDA:418,37,1,0
BRDA:418,38,0,0
BRDA:418,38,1,0
BRDA:463,39,0,0
BRDA:463,39,1,0
BRDA:481,40,0,0
BRDA:481,40,1,0
BRDA:506,41,0,0
BRDA:506,41,1,0
BRDA:572,42,0,0
BRDA:572,42,1,0
BRDA:577,43,0,0
BRDA:577,43,1,0
BRDA:577,44,0,0
BRDA:577,44,1,0
BRDA:703,45,0,0
BRDA:703,45,1,1
BRDA:714,46,0,1
BRDA:714,46,1,1
BRDA:716,47,0,1
BRDA:716,47,1,1
BRDA:717,48,0,0
BRDA:717,48,1,1
BRDA:719,49,0,0
BRDA:719,49,1,1
BRDA:719,50,0,1
BRDA:719,50,1,0
BRDA:799,51,0,0
BRDA:799,51,1,0
BRDA:805,52,0,0
BRDA:805,52,1,0
BRDA:805,53,0,0
BRDA:805,53,1,0
BRDA:812,54,0,0
BRDA:812,54,1,0
BRDA:816,55,0,0
BRDA:816,55,1,0
BRDA:816,56,0,0
BRDA:816,56,1,0
BRDA:820,57,0,0
BRDA:820,57,1,0
BRDA:820,58,0,0
BRDA:820,58,1,0
BRDA:828,59,0,0
BRDA:828,59,1,0
BRDA:833,60,0,0
BRDA:833,60,1,0
BRDA:836,61,0,0
BRDA:836,61,1,0
BRDA:848,62,0,0
BRDA:848,62,1,0
BRDA:856,63,0,0
BRDA:856,63,1,0
BRDA:856,64,0,0
BRDA:856,64,1,0
BRDA:858,65,0,0
BRDA:858,65,1,0
BRDA:866,66,0,0
BRDA:866,66,1,0
BRDA:877,67,0,0
BRDA:877,67,1,0
BRDA:888,68,0,0
BRDA:888,68,1,0
BRDA:890,69,0,0
BRDA:890,69,1,0
BRDA:892,70,0,0
BRDA:892,70,1,0
BRDA:903,71,0,0
BRDA:903,71,1,0
BRDA:904,72,0,0
BRDA:904,72,1,0
BRDA:904,73,0,0
BRDA:904,73,1,0
BRDA:905,74,0,0
BRDA:905,74,1,0
BRDA:910,75,0,0
BRDA:910,75,1,0
BRDA:911,76,0,0
BRDA:911,76,1,0
BRDA:914,77,0,0
BRDA:914,77,1,0
BRDA:935,78,0,0
BRDA:935,78,1,0
BRDA:936,79,0,0
BRDA:936,79,1,0
BRDA:937,80,0,0
BRDA:937,80,1,0
BRDA:948,81,0,0
BRDA:948,81,1,0
BRDA:952,82,0,0
BRDA:952,82,1,0
BRDA:960,83,0,0
BRDA:960,83,1,0
BRDA:963,84,0,0
BRDA:963,84,1,0
BRDA:999,85,0,0
BRDA:999,85,1,0
BRDA:1006,86,0,0
BRDA:1006,86,1,0
BRDA:1006,87,0,0
BRDA:1006,87,1,0
BRDA:1010,88,0,0
BRDA:1010,88,1,0
BRDA:1014,89,0,0
BRDA:1014,89,1,0
BRDA:1018,90,0,0
BRDA:1018,90,1,0
BRDA:1018,91,0,0
BRDA:1018,91,1,0
BRDA:1027,92,0,0
BRDA:1027,92,1,0
BRDA:1027,93,0,0
BRDA:1027,93,1,0
BRDA:1028,94,0,0
BRDA:1028,94,1,0
BRDA:1028,95,0,0
BRDA:1028,95,1,0
BRDA:1029,96,0,0
BRDA:1029,96,1,0
BRDA:1029,97,0,0
BRDA:1029,97,1,0
BRDA:1031,98,0,0
BRDA:1031,98,1,0
BRDA:1031,98,2,0
BRDA:1033,99,0,0
BRDA:1033,99,1,0
BRDA:1034,100,0,0
BRDA:1034,100,1,0
BRDA:1035,101,0,0
BRDA:1035,101,1,0
BRDA:1036,102,0,0
BRDA:1036,102,1,0
BRDA:1041,103,0,0
BRDA:1041,103,1,0
BRDA:1042,104,0,0
BRDA:1042,104,1,0
BRDA:1043,105,0,0
BRDA:1043,105,1,0
BRDA:1044,106,0,0
BRDA:1044,106,1,0
BRDA:1048,107,0,0
BRDA:1048,107,1,0
BRDA:1049,108,0,0
BRDA:1049,108,1,0
BRDA:1050,109,0,0
BRDA:1050,109,1,0
BRDA:1051,110,0,0
BRDA:1051,110,1,0
BRDA:1052,111,0,0
BRDA:1052,111,1,0
BRDA:1053,112,0,0
BRDA:1053,112,1,0
BRDA:1054,113,0,0
BRDA:1054,113,1,0
BRDA:1055,114,0,0
BRDA:1055,114,1,0
BRDA:1056,115,0,0
BRDA:1056,115,1,0
BRDA:1056,116,0,0
BRDA:1056,116,1,0
BRDA:1065,117,0,0
BRDA:1065,117,1,0
BRDA:1073,118,0,0
BRDA:1073,118,1,0
BRDA:1084,119,0,0
BRDA:1084,119,1,0
BRDA:1095,120,0,0
BRDA:1095,120,1,0
BRDA:1096,121,0,0
BRDA:1096,121,1,0
BRDA:1098,122,0,0
BRDA:1098,122,1,0
BRDA:1115,123,0,0
BRDA:1115,123,1,0
BRDA:1116,124,0,0
BRDA:1116,124,1,0
BRDA:1117,125,0,0
BRDA:1117,125,1,0
BRDA:1118,126,0,0
BRDA:1118,126,1,0
BRDA:1119,127,0,0
BRDA:1119,127,1,0
BRDA:1124,128,0,0
BRDA:1124,128,1,0
BRDA:1125,129,0,0
BRDA:1125,129,1,0
BRDA:1126,130,0,0
BRDA:1126,130,1,0
BRDA:1130,131,0,0
BRDA:1130,131,1,0
BRDA:1131,132,0,0
BRDA:1131,132,1,0
BRDA:1134,133,0,0
BRDA:1134,133,1,0
BRDA:1136,134,0,0
BRDA:1136,134,1,0
BRDA:1155,135,0,0
BRDA:1155,135,1,0
BRDA:1156,136,0,0
BRDA:1156,136,1,0
BRDA:1157,137,0,0
BRDA:1157,137,1,0
BRDA:1169,138,0,0
BRDA:1169,138,1,0
BRDA:1185,139,0,0
BRDA:1185,139,1,0
BRDA:1185,140,0,0
BRDA:1185,140,1,0
BRDA:1191,141,0,0
BRDA:1191,141,1,0
BRDA:1200,142,0,0
BRDA:1200,142,1,0
BRDA:1235,143,0,0
BRDA:1235,143,1,0
BRDA:1237,144,0,0
BRDA:1237,144,1,0
BRDA:1253,145,0,0
BRDA:1253,145,1,0
BRDA:1262,146,0,0
BRDA:1262,146,1,0
BRDA:1262,147,0,0
BRDA:1262,147,1,0
BRDA:1271,148,0,0
BRDA:1271,148,1,0
BRDA:1273,149,0,0
BRDA:1273,149,1,0
BRDA:1278,150,0,0
BRDA:1278,150,1,0
BRDA:1287,151,0,0
BRDA:1287,151,1,0
BRDA:1293,152,0,0
BRDA:1293,152,1,0
BRDA:1299,153,0,0
BRDA:1299,153,1,0
BRDA:1307,154,0,0
BRDA:1307,154,1,0
BRDA:1307,155,0,0
BRDA:1307,155,1,0
BRDA:1312,156,0,0
BRDA:1312,156,1,0
BRDA:1316,157,0,0
BRDA:1316,157,1,0
BRDA:1316,158,0,0
BRDA:1316,158,1,0
BRDA:1321,159,0,0
BRDA:1321,159,1,0
BRDA:1325,160,0,0
BRDA:1325,160,1,0
BRDA:1325,161,0,0
BRDA:1325,161,1,0
BRDA:1333,162,0,0
BRDA:1333,162,1,0
BRDA:1336,163,0,0
BRDA:1336,163,1,0
BRDA:1339,164,0,0
BRDA:1339,164,1,0
BRDA:1351,165,0,0
BRDA:1351,165,1,0
BRDA:1391,166,0,0
BRDA:1391,166,1,0
BRDA:1391,167,0,0
BRDA:1391,167,1,0
BRDA:1393,168,0,0
BRDA:1393,168,1,0
BRDA:1394,169,0,0
BRDA:1394,169,1,0
BRDA:1395,170,0,0
BRDA:1395,170,1,0
BRDA:1396,171,0,0
BRDA:1396,171,1,0
BRDA:1397,172,0,0
BRDA:1397,172,1,0
BRDA:1398,173,0,0
BRDA:1398,173,1,0
BRDA:1411,174,0,0
BRDA:1411,174,1,0
BRDA:1430,175,0,0
BRDA:1430,175,1,0
BRDA:1458,176,0,0
BRDA:1458,176,1,0
BRDA:1516,177,0,0
BRDA:1516,177,1,0
BRDA:1555,178,0,0
BRDA:1555,178,1,0
BRDA:1558,179,0,0
BRDA:1558,179,1,0
BRDA:1558,180,0,0
BRDA:1558,180,1,0
BRDA:1602,181,0,0
BRDA:1603,182,0,0
BRDA:1604,183,0,0
BRDA:1605,184,0,0
BRDA:1606,185,0,0
BRDA:1607,186,0,0
BRDA:1612,187,0,0
BRDA:1612,187,1,0
BRDA:1615,188,0,0
BRDA:1615,188,1,0
BRDA:1615,189,0,0
BRDA:1615,189,1,0
BRDA:1626,190,0,0
BRDA:1626,190,1,0
BRDA:1628,191,0,0
BRDA:1628,191,1,0
BRDA:1634,192,0,0
BRDA:1634,192,1,0
BRDA:1641,193,0,0
BRDA:1641,193,1,0
BRDA:1648,194,0,0
BRDA:1648,194,1,0
BRDA:1655,195,0,0
BRDA:1655,195,1,0
BRDA:1665,196,0,0
BRDA:1665,196,1,0
BRDA:1666,197,0,0
BRDA:1666,197,1,0
BRDA:1666,198,0,0
BRDA:1666,198,1,0
BRDA:1666,198,2,0
BRDA:1678,199,0,0
BRDA:1678,199,1,0
BRDA:1679,200,0,0
BRDA:1679,200,1,0
BRDA:1680,201,0,0
BRDA:1680,201,1,0
BRDA:1681,202,0,0
BRDA:1681,202,1,0
BRDA:1689,203,0,0
BRDA:1689,203,1,0
BRDA:1689,204,0,0
BRDA:1689,204,1,0
BRDA:1692,205,0,0
BRDA:1692,205,1,0
BRDA:1694,206,0,0
BRDA:1694,206,1,0
BRDA:1704,207,0,0
BRDA:1704,207,1,0
BRDA:1704,208,0,0
BRDA:1704,208,1,0
BRDA:1710,209,0,0
BRDA:1710,209,1,0
BRDA:1710,210,0,0
BRDA:1710,210,1,0
BRDA:1718,211,0,0
BRDA:1718,211,1,0
BRDA:1719,212,0,0
BRDA:1719,212,1,0
BRDA:1719,213,0,0
BRDA:1719,213,1,0
BRDA:1729,214,0,0
BRDA:1729,214,1,0
BRDA:1773,215,0,0
BRDA:1773,216,0,0
BRDA:1773,217,0,0
BRDA:1776,218,0,0
BRDA:1776,218,1,0
BRDA:1776,219,0,0
BRDA:1776,219,1,0
BRDA:1780,220,0,0
BRDA:1780,220,1,0
BRDA:1789,221,0,0
BRDA:1789,221,1,0
BRDA:1791,222,0,0
BRDA:1791,222,1,0
BRDA:1795,223,0,0
BRDA:1795,223,1,0
BRDA:1795,224,0,0
BRDA:1795,224,1,0
BRDA:1796,225,0,0
BRDA:1796,225,1,0
BRDA:1796,226,0,0
BRDA:1796,226,1,0
BRDA:1800,227,0,0
BRDA:1800,227,1,0
BRDA:1809,228,0,0
BRDA:1809,228,1,0
BRDA:1810,229,0,0
BRDA:1810,229,1,0
BRDA:1810,230,0,0
BRDA:1810,230,1,0
BRDA:1812,231,0,0
BRDA:1812,231,1,0
BRDA:1813,232,0,0
BRDA:1813,232,1,0
BRDA:1814,233,0,0
BRDA:1814,233,1,0
BRDA:1815,234,0,0
BRDA:1815,234,1,0
BRDA:1816,235,0,0
BRDA:1816,235,1,0
BRDA:1817,236,0,0
BRDA:1817,236,1,0
BRDA:1826,237,0,0
BRDA:1826,237,1,0
BRDA:1831,238,0,0
BRDA:1831,238,1,0
BRDA:1846,239,0,0
BRDA:1846,239,1,0
BRDA:1875,240,0,0
BRDA:1875,240,1,0
BRDA:1878,241,0,0
BRDA:1878,241,1,0
BRDA:1923,242,0,0
BRDA:1923,242,1,0
BRDA:1923,243,0,0
BRDA:1923,243,1,0
BRDA:1928,244,0,0
BRDA:1928,244,1,0
BRDA:1929,245,0,0
BRDA:1929,245,1,0
BRDA:1929,245,2,0
BRDA:1929,245,3,0
BRDA:1965,246,0,0
BRDA:1965,246,1,0
BRDA:1972,247,0,0
BRDA:1972,247,1,0
BRDA:1987,248,0,0
BRDA:1987,248,1,0
BRDA:2005,249,0,0
BRDA:2005,249,1,0
BRDA:2008,250,0,0
BRDA:2008,250,1,0
BRDA:2008,251,0,0
BRDA:2008,251,1,0
BRDA:2012,252,0,0
BRDA:2012,252,1,0
BRDA:2017,253,0,0
BRDA:2017,253,1,0
BRDA:2031,254,0,0
BRDA:2031,254,1,0
BRDA:2058,255,0,0
BRDA:2058,255,1,0
BRDA:2059,256,0,0
BRDA:2059,256,1,0
BRF:518
BRH:19
end_of_record
TN:
SF:utils\crypto.js
FN:11,hasShareTokenSecret
FN:16,_ensureSecret
FN:26,encryptToken
FN:40,decryptToken
FN:58,hashToken
FN:69,safeHashToken
FN:82,decryptShareToken
FNF:7
FNH:0
FNDA:0,hasShareTokenSecret
FNDA:0,_ensureSecret
FNDA:0,encryptToken
FNDA:0,decryptToken
FNDA:0,hashToken
FNDA:0,safeHashToken
FNDA:0,decryptShareToken
DA:7,1
DA:9,1
DA:12,0
DA:17,0
DA:18,0
DA:27,0
DA:28,0
DA:29,0
DA:30,0
DA:31,0
DA:32,0
DA:33,0
DA:34,0
DA:41,0
DA:42,0
DA:43,0
DA:44,0
DA:46,0
DA:47,0
DA:48,0
DA:49,0
DA:50,0
DA:51,0
DA:59,0
DA:60,0
DA:70,0
DA:71,0
DA:73,0
DA:83,0
DA:84,0
DA:85,0
DA:86,0
DA:88,0
DA:92,1
LF:34
LH:3
BRDA:9,0,0,1
BRDA:9,0,1,0
BRDA:12,1,0,0
BRDA:12,1,1,0
BRDA:17,2,0,0
BRDA:17,2,1,0
BRDA:17,3,0,0
BRDA:17,3,1,0
BRDA:43,4,0,0
BRDA:43,4,1,0
BRDA:43,5,0,0
BRDA:43,5,1,0
BRDA:43,5,2,0
BRDA:83,6,0,0
BRDA:83,6,1,0
BRDA:83,7,0,0
BRDA:83,7,1,0
BRDA:84,8,0,0
BRDA:84,8,1,0
BRF:19
BRH:1
end_of_record
TN:
SF:utils\event-bus.js
FN:21,emit
FN:40,emitBatch
FN:80,getRecent
FNF:3
FNH:0
FNDA:0,emit
FNDA:0,emitBatch
FNDA:0,getRecent
DA:5,1
DA:22,0
DA:23,0
DA:31,0
DA:41,0
DA:42,0
DA:43,0
DA:44,0
DA:45,0
DA:46,0
DA:62,0
DA:64,0
DA:65,0
DA:67,0
DA:81,0
DA:82,0
DA:83,0
DA:85,0
DA:86,0
DA:87,0
DA:88,0
DA:90,0
DA:91,0
DA:93,0
DA:101,0
DA:104,1
LF:26
LH:2
BRDA:21,0,0,0
BRDA:21,1,0,0
BRDA:21,2,0,0
BRDA:21,3,0,0
BRDA:21,4,0,0
BRDA:21,5,0,0
BRDA:27,6,0,0
BRDA:27,6,1,0
BRDA:40,7,0,0
BRDA:41,8,0,0
BRDA:41,8,1,0
BRDA:41,9,0,0
BRDA:41,9,1,0
BRDA:53,10,0,0
BRDA:53,10,1,0
BRDA:54,11,0,0
BRDA:54,11,1,0
BRDA:55,12,0,0
BRDA:55,12,1,0
BRDA:56,13,0,0
BRDA:56,13,1,0
BRDA:57,14,0,0
BRDA:57,14,1,0
BRDA:58,15,0,0
BRDA:58,15,1,0
BRDA:80,16,0,0
BRDA:80,17,0,0
BRDA:80,18,0,0
BRDA:80,19,0,0
BRDA:80,20,0,0
BRDA:80,21,0,0
BRDA:85,22,0,0
BRDA:85,22,1,0
BRDA:86,23,0,0
BRDA:86,23,1,0
BRDA:87,24,0,0
BRDA:87,24,1,0
BRDA:88,25,0,0
BRDA:88,25,1,0
BRDA:90,26,0,0
BRDA:90,26,1,0
BRF:41
BRH:0
end_of_record
TN:
SF:utils\response.js
FN:16,(anonymous_0)
FN:32,(anonymous_1)
FN:49,(anonymous_2)
FN:71,(anonymous_3)
FN:85,(anonymous_4)
FNF:5
FNH:0
FNDA:0,(anonymous_0)
FNDA:0,(anonymous_1)
FNDA:0,(anonymous_2)
FNDA:0,(anonymous_3)
FNDA:0,(anonymous_4)
DA:16,1
DA:17,0
DA:32,1
DA:33,0
DA:49,1
DA:50,0
DA:71,1
DA:72,0
DA:85,1
DA:86,0
DA:92,1
LF:11
LH:6
BRDA:16,0,0,0
BRDA:21,1,0,0
BRDA:21,1,1,0
BRDA:32,2,0,0
BRDA:71,3,0,0
BRDA:85,4,0,0
BRF:6
BRH:0
end_of_record
TN:
SF:utils\settings.js
FN:13,getSetting
FN:45,getVatRate
FN:49,invalidateCache
FNF:3
FNH:0
FNDA:0,getSetting
FNDA:0,getVatRate
FNDA:0,invalidateCache
DA:8,1
DA:10,1
DA:11,1
DA:14,0
DA:15,0
DA:16,0
DA:17,0
DA:20,0
DA:21,0
DA:25,0
DA:26,0
DA:28,0
DA:29,0
DA:30,0
DA:31,0
DA:32,0
DA:33,0
DA:34,0
DA:35,0
DA:37,0
DA:38,0
DA:40,0
DA:41,0
DA:46,0
DA:50,0
DA:53,1
LF:26
LH:4
BRDA:13,0,0,0
BRDA:16,1,0,0
BRDA:16,1,1,0
BRDA:16,2,0,0
BRDA:16,2,1,0
BRDA:25,3,0,0
BRDA:25,3,1,0
BRDA:30,4,0,0
BRDA:30,4,1,0
BRDA:32,5,0,0
BRDA:32,5,1,0
BRDA:33,6,0,0
BRDA:33,6,1,0
BRDA:34,7,0,0
BRDA:34,7,1,0
BRF:15
BRH:0
end_of_record
TN:
SF:utils\validators.js
FN:108,validateBody
FN:109,(anonymous_1)
FN:130,validateQuery
FN:131,(anonymous_3)
FN:403,(anonymous_4)
FNF:5
FNH:2
FNDA:8,validateBody
FNDA:4,(anonymous_1)
FNDA:0,validateQuery
FNDA:0,(anonymous_3)
FNDA:0,(anonymous_4)
DA:6,1
DA:8,1
DA:10,1
DA:15,1
DA:21,1
DA:36,1
DA:57,1
DA:76,1
DA:93,1
DA:109,8
DA:110,4
DA:111,4
DA:112,4
DA:113,4
DA:114,4
DA:115,4
DA:116,4
DA:122,0
DA:123,0
DA:131,0
DA:132,0
DA:133,0
DA:134,0
DA:135,0
DA:136,0
DA:137,0
DA:138,0
DA:144,0
DA:145,0
DA:153,1
DA:175,1
DA:184,1
DA:198,1
DA:204,1
DA:210,1
DA:215,1
DA:222,1
DA:231,1
DA:246,1
DA:260,1
DA:273,1
DA:278,1
DA:284,1
DA:299,1
DA:310,1
DA:324,1
DA:332,1
DA:347,1
DA:360,1
DA:371,1
DA:377,1
DA:383,1
DA:396,1
DA:403,0
DA:407,1
DA:416,1
DA:422,1
DA:432,1
DA:443,1
DA:449,1
DA:467,1
DA:485,1
DA:501,1
DA:507,1
DA:518,1
DA:539,1
DA:543,1
DA:553,1
DA:567,1
DA:583,1
DA:601,1
DA:611,1
DA:625,1
DA:643,1
DA:660,1
DA:667,1
DA:677,1
DA:685,1
DA:689,1
DA:697,1
DA:701,1
DA:705,1
DA:713,1
DA:721,1
DA:730,1
DA:742,1
DA:754,1
DA:762,1
DA:767,1
LF:89
LH:76
BRDA:111,0,0,4
BRDA:111,0,1,0
BRDA:112,1,0,4
BRDA:112,1,1,0
BRDA:112,1,2,0
BRDA:114,2,0,4
BRDA:114,2,1,0
BRDA:115,3,0,4
BRDA:115,3,1,0
BRDA:133,4,0,0
BRDA:133,4,1,0
BRDA:134,5,0,0
BRDA:134,5,1,0
BRDA:134,5,2,0
BRDA:136,6,0,0
BRDA:136,6,1,0
BRDA:137,7,0,0
BRDA:137,7,1,0
BRDA:403,8,0,0
BRDA:403,8,1,0
BRF:20
BRH:4
end_of_record
